[2024-01-02 10:24:15,605] INFO Starting the log cleaner (kafka.log.LogCleaner)
[2024-01-02 10:24:15,676] INFO [kafka-log-cleaner-thread-0]: Starting (kafka.log.LogCleaner)
[2024-01-02 10:26:01,854] INFO Shutting down the log cleaner. (kafka.log.LogCleaner)
[2024-01-02 10:26:01,855] INFO [kafka-log-cleaner-thread-0]: Shutting down (kafka.log.LogCleaner)
[2024-01-02 10:26:01,857] INFO [kafka-log-cleaner-thread-0]: Stopped (kafka.log.LogCleaner)
[2024-01-02 10:26:01,857] INFO [kafka-log-cleaner-thread-0]: Shutdown completed (kafka.log.LogCleaner)
[2024-01-02 10:27:46,800] INFO Starting the log cleaner (kafka.log.LogCleaner)
[2024-01-02 10:27:46,879] INFO [kafka-log-cleaner-thread-0]: Starting (kafka.log.LogCleaner)
[2024-01-02 10:28:53,343] INFO Shutting down the log cleaner. (kafka.log.LogCleaner)
[2024-01-02 10:28:53,344] INFO [kafka-log-cleaner-thread-0]: Shutting down (kafka.log.LogCleaner)
[2024-01-02 10:28:53,345] INFO [kafka-log-cleaner-thread-0]: Stopped (kafka.log.LogCleaner)
[2024-01-02 10:28:53,345] INFO [kafka-log-cleaner-thread-0]: Shutdown completed (kafka.log.LogCleaner)
[2024-01-02 10:29:35,262] INFO Starting the log cleaner (kafka.log.LogCleaner)
[2024-01-02 10:29:35,312] INFO [kafka-log-cleaner-thread-0]: Starting (kafka.log.LogCleaner)
[2024-01-02 10:33:22,823] INFO Shutting down the log cleaner. (kafka.log.LogCleaner)
[2024-01-02 10:33:22,824] INFO [kafka-log-cleaner-thread-0]: Shutting down (kafka.log.LogCleaner)
[2024-01-02 10:33:22,824] INFO [kafka-log-cleaner-thread-0]: Stopped (kafka.log.LogCleaner)
[2024-01-02 10:33:22,824] INFO [kafka-log-cleaner-thread-0]: Shutdown completed (kafka.log.LogCleaner)
[2024-01-02 10:34:12,343] INFO Starting the log cleaner (kafka.log.LogCleaner)
[2024-01-02 10:34:12,413] INFO [kafka-log-cleaner-thread-0]: Starting (kafka.log.LogCleaner)
[2024-01-02 10:35:25,681] INFO Shutting down the log cleaner. (kafka.log.LogCleaner)
[2024-01-02 10:35:25,682] INFO [kafka-log-cleaner-thread-0]: Shutting down (kafka.log.LogCleaner)
[2024-01-02 10:35:25,682] INFO [kafka-log-cleaner-thread-0]: Stopped (kafka.log.LogCleaner)
[2024-01-02 10:35:25,682] INFO [kafka-log-cleaner-thread-0]: Shutdown completed (kafka.log.LogCleaner)
[2024-01-02 10:36:01,544] INFO Starting the log cleaner (kafka.log.LogCleaner)
[2024-01-02 10:36:01,601] INFO [kafka-log-cleaner-thread-0]: Starting (kafka.log.LogCleaner)
[2024-01-02 10:39:35,545] INFO Shutting down the log cleaner. (kafka.log.LogCleaner)
[2024-01-02 10:39:35,546] INFO [kafka-log-cleaner-thread-0]: Shutting down (kafka.log.LogCleaner)
[2024-01-02 10:39:35,547] INFO [kafka-log-cleaner-thread-0]: Stopped (kafka.log.LogCleaner)
[2024-01-02 10:39:35,547] INFO [kafka-log-cleaner-thread-0]: Shutdown completed (kafka.log.LogCleaner)
